<?xml version="1.0" encoding="UTF-8"?>
<testng-results skipped="0" failed="2" ignored="6" total="11" passed="3">
  <reporter-output>
    <line>
      <![CDATA[Click on My Account link[[ChromeDriver: chrome on WINDOWS (61f6e9725ec592c5a596a92be8915fec)] -> xpath: //span[contains(text(),'My Account')]]]]>
    </line>
    <line>
      <![CDATA[Verify the Login Page name[[ChromeDriver: chrome on WINDOWS (61f6e9725ec592c5a596a92be8915fec)] -> xpath: //h2[contains(text(),'Returning Customer')]]]]>
    </line>
    <line>
      <![CDATA[Hover the mouse on Desktops tab and click[[ChromeDriver: chrome on WINDOWS (8829220d2283728b72d376dd2720766c)] -> link text: Desktops]]]>
    </line>
    <line>
      <![CDATA[Select show all desktops from drop down[[[ChromeDriver: chrome on WINDOWS (8829220d2283728b72d376dd2720766c)] -> link text: Show All Desktops]]]]>
    </line>
    <line>
      <![CDATA[Get a list of all products listed under desktops[[[ChromeDriver: chrome on WINDOWS (8829220d2283728b72d376dd2720766c)] -> xpath: //h4/a], [[ChromeDriver: chrome on WINDOWS (8829220d2283728b72d376dd2720766c)] -> xpath: //h4/a], [[ChromeDriver: chrome on WINDOWS (8829220d2283728b72d376dd2720766c)] -> xpath: //h4/a], [[ChromeDriver: chrome on WINDOWS (8829220d2283728b72d376dd2720766c)] -> xpath: //h4/a], [[ChromeDriver: chrome on WINDOWS (8829220d2283728b72d376dd2720766c)] -> xpath: //h4/a], [[ChromeDriver: chrome on WINDOWS (8829220d2283728b72d376dd2720766c)] -> xpath: //h4/a], [[ChromeDriver: chrome on WINDOWS (8829220d2283728b72d376dd2720766c)] -> xpath: //h4/a], [[ChromeDriver: chrome on WINDOWS (8829220d2283728b72d376dd2720766c)] -> xpath: //h4/a], [[ChromeDriver: chrome on WINDOWS (8829220d2283728b72d376dd2720766c)] -> xpath: //h4/a], [[ChromeDriver: chrome on WINDOWS (8829220d2283728b72d376dd2720766c)] -> xpath: //h4/a], [[ChromeDriver: chrome on WINDOWS (8829220d2283728b72d376dd2720766c)] -> xpath: //h4/a], [[ChromeDriver: chrome on WINDOWS (8829220d2283728b72d376dd2720766c)] -> xpath: //h4/a]]]]>
    </line>
    <line>
      <![CDATA[Get a list of all products listed under desktops[[[ChromeDriver: chrome on WINDOWS (8829220d2283728b72d376dd2720766c)] -> xpath: //h4/a], [[ChromeDriver: chrome on WINDOWS (8829220d2283728b72d376dd2720766c)] -> xpath: //h4/a], [[ChromeDriver: chrome on WINDOWS (8829220d2283728b72d376dd2720766c)] -> xpath: //h4/a], [[ChromeDriver: chrome on WINDOWS (8829220d2283728b72d376dd2720766c)] -> xpath: //h4/a], [[ChromeDriver: chrome on WINDOWS (8829220d2283728b72d376dd2720766c)] -> xpath: //h4/a], [[ChromeDriver: chrome on WINDOWS (8829220d2283728b72d376dd2720766c)] -> xpath: //h4/a], [[ChromeDriver: chrome on WINDOWS (8829220d2283728b72d376dd2720766c)] -> xpath: //h4/a], [[ChromeDriver: chrome on WINDOWS (8829220d2283728b72d376dd2720766c)] -> xpath: //h4/a], [[ChromeDriver: chrome on WINDOWS (8829220d2283728b72d376dd2720766c)] -> xpath: //h4/a], [[ChromeDriver: chrome on WINDOWS (8829220d2283728b72d376dd2720766c)] -> xpath: //h4/a], [[ChromeDriver: chrome on WINDOWS (8829220d2283728b72d376dd2720766c)] -> xpath: //h4/a], [[ChromeDriver: chrome on WINDOWS (8829220d2283728b72d376dd2720766c)] -> xpath: //h4/a]]]]>
    </line>
    <line>
      <![CDATA[Get a list of all products listed under desktops by Name Z to A[[[ChromeDriver: chrome on WINDOWS (8829220d2283728b72d376dd2720766c)] -> xpath: //h4/a], [[ChromeDriver: chrome on WINDOWS (8829220d2283728b72d376dd2720766c)] -> xpath: //h4/a], [[ChromeDriver: chrome on WINDOWS (8829220d2283728b72d376dd2720766c)] -> xpath: //h4/a], [[ChromeDriver: chrome on WINDOWS (8829220d2283728b72d376dd2720766c)] -> xpath: //h4/a], [[ChromeDriver: chrome on WINDOWS (8829220d2283728b72d376dd2720766c)] -> xpath: //h4/a], [[ChromeDriver: chrome on WINDOWS (8829220d2283728b72d376dd2720766c)] -> xpath: //h4/a], [[ChromeDriver: chrome on WINDOWS (8829220d2283728b72d376dd2720766c)] -> xpath: //h4/a], [[ChromeDriver: chrome on WINDOWS (8829220d2283728b72d376dd2720766c)] -> xpath: //h4/a], [[ChromeDriver: chrome on WINDOWS (8829220d2283728b72d376dd2720766c)] -> xpath: //h4/a], [[ChromeDriver: chrome on WINDOWS (8829220d2283728b72d376dd2720766c)] -> xpath: //h4/a], [[ChromeDriver: chrome on WINDOWS (8829220d2283728b72d376dd2720766c)] -> xpath: //h4/a], [[ChromeDriver: chrome on WINDOWS (8829220d2283728b72d376dd2720766c)] -> xpath: //h4/a]]]]>
    </line>
    <line>
      <![CDATA[Click to see screenshot]]>
    </line>
    <line>
      <![CDATA[<a target = "_blank" href=C:\Users\humai\IdeaProjects\tutorialsninja-maven-page-factory-sw5/test-output/html/verifyProductArrangeInAlphabeticalOrderTue_Dec_13_10_00_18_GMT_2022.jpg>Screenshot</a>]]>
    </line>
    <line>
      <![CDATA[<br>]]>
    </line>
    <line>
      <![CDATA[<br>]]>
    </line>
    <line>
      <![CDATA[<a target = "_blank" href=C:\Users\humai\IdeaProjects\tutorialsninja-maven-page-factory-sw5/test-output/html/verifyProductArrangeInAlphabeticalOrderTue_Dec_13_10_00_18_GMT_2022.jpg><img src=C:\Users\humai\IdeaProjects\tutorialsninja-maven-page-factory-sw5/test-output/html/verifyProductArrangeInAlphabeticalOrderTue_Dec_13_10_00_18_GMT_2022.jpg height=200 width=200></img></a>]]>
    </line>
    <line>
      <![CDATA[Hover the mouse on Laptops & Notebooks tab and click[[ChromeDriver: chrome on WINDOWS (ad5e6b519b0f084585e50a99230d4b04)] -> link text: Laptops & Notebooks]]]>
    </line>
    <line>
      <![CDATA[Select show all Laptops & Notebooks from drop down[[[ChromeDriver: chrome on WINDOWS (ad5e6b519b0f084585e50a99230d4b04)] -> link text: Show All Laptops & Notebooks]]]]>
    </line>
    <line>
      <![CDATA[Get a list of all products listed under Laptops and Notebooks[[[ChromeDriver: chrome on WINDOWS (ad5e6b519b0f084585e50a99230d4b04)] -> xpath: //p[@class ='price']], [[ChromeDriver: chrome on WINDOWS (ad5e6b519b0f084585e50a99230d4b04)] -> xpath: //p[@class ='price']], [[ChromeDriver: chrome on WINDOWS (ad5e6b519b0f084585e50a99230d4b04)] -> xpath: //p[@class ='price']], [[ChromeDriver: chrome on WINDOWS (ad5e6b519b0f084585e50a99230d4b04)] -> xpath: //p[@class ='price']], [[ChromeDriver: chrome on WINDOWS (ad5e6b519b0f084585e50a99230d4b04)] -> xpath: //p[@class ='price']]]]]>
    </line>
    <line>
      <![CDATA[Get a list of all products listed under Laptops and Notebooks by price[[[ChromeDriver: chrome on WINDOWS (ad5e6b519b0f084585e50a99230d4b04)] -> xpath: //p[@class ='price']], [[ChromeDriver: chrome on WINDOWS (ad5e6b519b0f084585e50a99230d4b04)] -> xpath: //p[@class ='price']], [[ChromeDriver: chrome on WINDOWS (ad5e6b519b0f084585e50a99230d4b04)] -> xpath: //p[@class ='price']], [[ChromeDriver: chrome on WINDOWS (ad5e6b519b0f084585e50a99230d4b04)] -> xpath: //p[@class ='price']], [[ChromeDriver: chrome on WINDOWS (ad5e6b519b0f084585e50a99230d4b04)] -> xpath: //p[@class ='price']]]]]>
    </line>
    <line>
      <![CDATA[Click to see screenshot]]>
    </line>
    <line>
      <![CDATA[<a target = "_blank" href=C:\Users\humai\IdeaProjects\tutorialsninja-maven-page-factory-sw5/test-output/html/verifyProductsPriceDisplayHighToLowSuccessfullyTue_Dec_13_10_00_22_GMT_2022.jpg>Screenshot</a>]]>
    </line>
    <line>
      <![CDATA[<br>]]>
    </line>
    <line>
      <![CDATA[<br>]]>
    </line>
    <line>
      <![CDATA[<a target = "_blank" href=C:\Users\humai\IdeaProjects\tutorialsninja-maven-page-factory-sw5/test-output/html/verifyProductsPriceDisplayHighToLowSuccessfullyTue_Dec_13_10_00_22_GMT_2022.jpg><img src=C:\Users\humai\IdeaProjects\tutorialsninja-maven-page-factory-sw5/test-output/html/verifyProductsPriceDisplayHighToLowSuccessfullyTue_Dec_13_10_00_22_GMT_2022.jpg height=200 width=200></img></a>]]>
    </line>
    <line>
      <![CDATA[Click on My Account link[[ChromeDriver: chrome on WINDOWS (3e1520acc34e47f8632d2116cb8a2d89)] -> xpath: //span[contains(text(),'My Account')]]]]>
    </line>
    <line>
      <![CDATA[Verify the Register Page name[[ChromeDriver: chrome on WINDOWS (3e1520acc34e47f8632d2116cb8a2d89)] -> xpath: //h1[contains(text(),'Register Account')]]]]>
    </line>
    <line>
      <![CDATA[Hover the mouse on Desktops tab and click[[ChromeDriver: chrome on WINDOWS (df6eba66e4b825c1995b7367a37c042a)] -> link text: Desktops]]]>
    </line>
    <line>
      <![CDATA[Select show all desktops from drop down[[[ChromeDriver: chrome on WINDOWS (df6eba66e4b825c1995b7367a37c042a)] -> link text: Show All Desktops]]]]>
    </line>
    <line>
      <![CDATA[Verify the Desktop page name[[ChromeDriver: chrome on WINDOWS (df6eba66e4b825c1995b7367a37c042a)] -> xpath: //h2[contains(text(),'Desktops')]]]]>
    </line>
  </reporter-output>
  <suite name="Sanity Test" duration-ms="18060" started-at="2022-12-13T10:00:10 GMT" finished-at="2022-12-13T10:00:28 GMT">
    <groups>
      <group name="regression">
        <method signature="AccountLoginPageTest.verifyUserShouldNavigateToLoginPageSuccessfully()[pri:0, instance:com.tutorialsninja.testsuite.AccountLoginPageTest@4d1b0d2a]" name="verifyUserShouldNavigateToLoginPageSuccessfully" class="com.tutorialsninja.testsuite.AccountLoginPageTest"/>
        <method signature="DesktopPageTest.verifyProductArrangeInAlphabeticalOrder()[pri:0, instance:com.tutorialsninja.testsuite.DesktopPageTest@7ba18f1b]" name="verifyProductArrangeInAlphabeticalOrder" class="com.tutorialsninja.testsuite.DesktopPageTest"/>
        <method signature="LaptopsAndNotebooksPageTest.verifyProductsPriceDisplayHighToLowSuccessfully()[pri:0, instance:com.tutorialsninja.testsuite.LaptopsAndNotebooksPageTest@2f8f5f62]" name="verifyProductsPriceDisplayHighToLowSuccessfully" class="com.tutorialsninja.testsuite.LaptopsAndNotebooksPageTest"/>
        <method signature="RegisterPageTest.verifyUserShouldNavigateToRegisterPageSuccessfully()[pri:0, instance:com.tutorialsninja.testsuite.RegisterPageTest@1068e947]" name="verifyUserShouldNavigateToRegisterPageSuccessfully" class="com.tutorialsninja.testsuite.RegisterPageTest"/>
        <method signature="TopMenuTest.verifyUserShouldNavigateToDesktopsPageSuccessfully()[pri:0, instance:com.tutorialsninja.testsuite.TopMenuTest@aecb35a]" name="verifyUserShouldNavigateToDesktopsPageSuccessfully" class="com.tutorialsninja.testsuite.TopMenuTest"/>
      </group> <!-- regression -->
      <group name="sanity">
        <method signature="AccountLoginPageTest.verifyUserShouldNavigateToLoginPageSuccessfully()[pri:0, instance:com.tutorialsninja.testsuite.AccountLoginPageTest@4d1b0d2a]" name="verifyUserShouldNavigateToLoginPageSuccessfully" class="com.tutorialsninja.testsuite.AccountLoginPageTest"/>
        <method signature="DesktopPageTest.verifyProductArrangeInAlphabeticalOrder()[pri:0, instance:com.tutorialsninja.testsuite.DesktopPageTest@7ba18f1b]" name="verifyProductArrangeInAlphabeticalOrder" class="com.tutorialsninja.testsuite.DesktopPageTest"/>
        <method signature="LaptopsAndNotebooksPageTest.verifyProductsPriceDisplayHighToLowSuccessfully()[pri:0, instance:com.tutorialsninja.testsuite.LaptopsAndNotebooksPageTest@2f8f5f62]" name="verifyProductsPriceDisplayHighToLowSuccessfully" class="com.tutorialsninja.testsuite.LaptopsAndNotebooksPageTest"/>
        <method signature="RegisterPageTest.verifyUserShouldNavigateToRegisterPageSuccessfully()[pri:0, instance:com.tutorialsninja.testsuite.RegisterPageTest@1068e947]" name="verifyUserShouldNavigateToRegisterPageSuccessfully" class="com.tutorialsninja.testsuite.RegisterPageTest"/>
        <method signature="TopMenuTest.verifyUserShouldNavigateToDesktopsPageSuccessfully()[pri:0, instance:com.tutorialsninja.testsuite.TopMenuTest@aecb35a]" name="verifyUserShouldNavigateToDesktopsPageSuccessfully" class="com.tutorialsninja.testsuite.TopMenuTest"/>
      </group> <!-- sanity -->
    </groups>
    <test name="Sanity Test" duration-ms="18060" started-at="2022-12-13T10:00:10 GMT" finished-at="2022-12-13T10:00:28 GMT">
      <class name="com.tutorialsninja.testsuite.RegisterPageTest">
        <test-method status="PASS" signature="setUp()[pri:0, instance:com.tutorialsninja.testsuite.RegisterPageTest@1068e947]" name="setUp" is-config="true" duration-ms="2091" started-at="2022-12-13T10:00:22 GMT" finished-at="2022-12-13T10:00:24 GMT">
          <reporter-output>
          </reporter-output>
        </test-method> <!-- setUp -->
        <test-method status="PASS" signature="inIt()[pri:0, instance:com.tutorialsninja.testsuite.RegisterPageTest@1068e947]" name="inIt" is-config="true" duration-ms="2" started-at="2022-12-13T10:00:24 GMT" finished-at="2022-12-13T10:00:24 GMT">
          <reporter-output>
          </reporter-output>
        </test-method> <!-- inIt -->
        <test-method status="PASS" signature="verifyUserShouldNavigateToRegisterPageSuccessfully()[pri:0, instance:com.tutorialsninja.testsuite.RegisterPageTest@1068e947]" name="verifyUserShouldNavigateToRegisterPageSuccessfully" duration-ms="656" started-at="2022-12-13T10:00:24 GMT" finished-at="2022-12-13T10:00:25 GMT">
          <reporter-output>
            <line>
              <![CDATA[Click on My Account link[[ChromeDriver: chrome on WINDOWS (3e1520acc34e47f8632d2116cb8a2d89)] -> xpath: //span[contains(text(),'My Account')]]]]>
            </line>
            <line>
              <![CDATA[Verify the Register Page name[[ChromeDriver: chrome on WINDOWS (3e1520acc34e47f8632d2116cb8a2d89)] -> xpath: //h1[contains(text(),'Register Account')]]]]>
            </line>
          </reporter-output>
        </test-method> <!-- verifyUserShouldNavigateToRegisterPageSuccessfully -->
      </class> <!-- com.tutorialsninja.testsuite.RegisterPageTest -->
      <class name="com.tutorialsninja.testsuite.DesktopPageTest">
        <test-method status="PASS" signature="setUp()[pri:0, instance:com.tutorialsninja.testsuite.DesktopPageTest@7ba18f1b]" name="setUp" is-config="true" duration-ms="2115" started-at="2022-12-13T10:00:15 GMT" finished-at="2022-12-13T10:00:17 GMT">
          <reporter-output>
          </reporter-output>
        </test-method> <!-- setUp -->
        <test-method status="PASS" signature="inIt()[pri:0, instance:com.tutorialsninja.testsuite.DesktopPageTest@7ba18f1b]" name="inIt" is-config="true" duration-ms="2" started-at="2022-12-13T10:00:17 GMT" finished-at="2022-12-13T10:00:17 GMT">
          <reporter-output>
          </reporter-output>
        </test-method> <!-- inIt -->
        <test-method status="FAIL" signature="verifyProductArrangeInAlphabeticalOrder()[pri:0, instance:com.tutorialsninja.testsuite.DesktopPageTest@7ba18f1b]" name="verifyProductArrangeInAlphabeticalOrder" duration-ms="1399" started-at="2022-12-13T10:00:17 GMT" finished-at="2022-12-13T10:00:18 GMT">
          <exception class="org.openqa.selenium.StaleElementReferenceException">
            <message>
              <![CDATA[stale element reference: element is not attached to the page document
  (Session info: chrome=108.0.5359.99)
For documentation on this error, please visit: https://selenium.dev/exceptions/#stale_element_reference
Build info: version: '4.6.0', revision: '79f1c02ae20'
System info: os.name: 'Windows 10', os.arch: 'amd64', os.version: '10.0', java.version: '1.8.0_121'
Driver info: org.openqa.selenium.chrome.ChromeDriver
Command: [8829220d2283728b72d376dd2720766c, getElementText {id=1c576510-fbef-4a4a-8e35-bb032fbaf823}]
Capabilities {acceptInsecureCerts: false, browserName: chrome, browserVersion: 108.0.5359.99, chrome: {chromedriverVersion: 108.0.5359.71 (1e0e3868ee06..., userDataDir: C:\Users\humai\AppData\Loca...}, goog:chromeOptions: {debuggerAddress: localhost:52571}, networkConnectionEnabled: false, pageLoadStrategy: normal, platformName: WINDOWS, proxy: Proxy(), se:cdp: ws://localhost:52571/devtoo..., se:cdpVersion: 108.0.5359.99, setWindowRect: true, strictFileInteractability: false, timeouts: {implicit: 0, pageLoad: 300000, script: 30000}, unhandledPromptBehavior: dismiss and notify, webauthn:extension:credBlob: true, webauthn:extension:largeBlob: true, webauthn:virtualAuthenticators: true}
Element: [[ChromeDriver: chrome on WINDOWS (8829220d2283728b72d376dd2720766c)] -> xpath: //h4/a]
Session ID: 8829220d2283728b72d376dd2720766c]]>
            </message>
            <full-stacktrace>
              <![CDATA[org.openqa.selenium.StaleElementReferenceException: stale element reference: element is not attached to the page document
  (Session info: chrome=108.0.5359.99)
For documentation on this error, please visit: https://selenium.dev/exceptions/#stale_element_reference
Build info: version: '4.6.0', revision: '79f1c02ae20'
System info: os.name: 'Windows 10', os.arch: 'amd64', os.version: '10.0', java.version: '1.8.0_121'
Driver info: org.openqa.selenium.chrome.ChromeDriver
Command: [8829220d2283728b72d376dd2720766c, getElementText {id=1c576510-fbef-4a4a-8e35-bb032fbaf823}]
Capabilities {acceptInsecureCerts: false, browserName: chrome, browserVersion: 108.0.5359.99, chrome: {chromedriverVersion: 108.0.5359.71 (1e0e3868ee06..., userDataDir: C:\Users\humai\AppData\Loca...}, goog:chromeOptions: {debuggerAddress: localhost:52571}, networkConnectionEnabled: false, pageLoadStrategy: normal, platformName: WINDOWS, proxy: Proxy(), se:cdp: ws://localhost:52571/devtoo..., se:cdpVersion: 108.0.5359.99, setWindowRect: true, strictFileInteractability: false, timeouts: {implicit: 0, pageLoad: 300000, script: 30000}, unhandledPromptBehavior: dismiss and notify, webauthn:extension:credBlob: true, webauthn:extension:largeBlob: true, webauthn:virtualAuthenticators: true}
Element: [[ChromeDriver: chrome on WINDOWS (8829220d2283728b72d376dd2720766c)] -> xpath: //h4/a]
Session ID: 8829220d2283728b72d376dd2720766c
at sun.reflect.NativeConstructorAccessorImpl.newInstance0(Native Method)
at sun.reflect.NativeConstructorAccessorImpl.newInstance(NativeConstructorAccessorImpl.java:62)
at sun.reflect.DelegatingConstructorAccessorImpl.newInstance(DelegatingConstructorAccessorImpl.java:45)
at java.lang.reflect.Constructor.newInstance(Constructor.java:423)
at org.openqa.selenium.remote.codec.w3c.W3CHttpResponseCodec.createException(W3CHttpResponseCodec.java:200)
at org.openqa.selenium.remote.codec.w3c.W3CHttpResponseCodec.decode(W3CHttpResponseCodec.java:133)
at org.openqa.selenium.remote.codec.w3c.W3CHttpResponseCodec.decode(W3CHttpResponseCodec.java:53)
at org.openqa.selenium.remote.HttpCommandExecutor.execute(HttpCommandExecutor.java:184)
at org.openqa.selenium.remote.service.DriverCommandExecutor.invokeExecute(DriverCommandExecutor.java:167)
at org.openqa.selenium.remote.service.DriverCommandExecutor.execute(DriverCommandExecutor.java:142)
at org.openqa.selenium.remote.RemoteWebDriver.execute(RemoteWebDriver.java:541)
at org.openqa.selenium.remote.RemoteWebElement.execute(RemoteWebElement.java:257)
at org.openqa.selenium.remote.RemoteWebElement.getText(RemoteWebElement.java:207)
at com.tutorialsninja.pages.DesktopPage.getProductNamesListByNameZToA(DesktopPage.java:87)
at com.tutorialsninja.testsuite.DesktopPageTest.verifyProductArrangeInAlphabeticalOrder(DesktopPageTest.java:30)
at sun.reflect.NativeMethodAccessorImpl.invoke0(Native Method)
at sun.reflect.NativeMethodAccessorImpl.invoke(NativeMethodAccessorImpl.java:62)
at sun.reflect.DelegatingMethodAccessorImpl.invoke(DelegatingMethodAccessorImpl.java:43)
at java.lang.reflect.Method.invoke(Method.java:498)
at org.testng.internal.invokers.MethodInvocationHelper.invokeMethod(MethodInvocationHelper.java:135)
at org.testng.internal.invokers.TestInvoker.invokeMethod(TestInvoker.java:673)
at org.testng.internal.invokers.TestInvoker.invokeTestMethod(TestInvoker.java:220)
at org.testng.internal.invokers.MethodRunner.runInSequence(MethodRunner.java:50)
at org.testng.internal.invokers.TestInvoker$MethodInvocationAgent.invoke(TestInvoker.java:945)
at org.testng.internal.invokers.TestInvoker.invokeTestMethods(TestInvoker.java:193)
at org.testng.internal.invokers.TestMethodWorker.invokeTestMethods(TestMethodWorker.java:146)
at org.testng.internal.invokers.TestMethodWorker.run(TestMethodWorker.java:128)
at java.util.ArrayList.forEach(ArrayList.java:1249)
at org.testng.TestRunner.privateRun(TestRunner.java:808)
at org.testng.TestRunner.run(TestRunner.java:603)
at org.testng.SuiteRunner.runTest(SuiteRunner.java:429)
at org.testng.SuiteRunner.runSequentially(SuiteRunner.java:423)
at org.testng.SuiteRunner.privateRun(SuiteRunner.java:383)
at org.testng.SuiteRunner.run(SuiteRunner.java:326)
at org.testng.SuiteRunnerWorker.runSuite(SuiteRunnerWorker.java:52)
at org.testng.SuiteRunnerWorker.run(SuiteRunnerWorker.java:95)
at org.testng.TestNG.runSuitesSequentially(TestNG.java:1249)
at org.testng.TestNG.runSuitesLocally(TestNG.java:1169)
at org.testng.TestNG.runSuites(TestNG.java:1092)
at org.testng.TestNG.run(TestNG.java:1060)
at com.intellij.rt.testng.IDEARemoteTestNG.run(IDEARemoteTestNG.java:66)
at com.intellij.rt.testng.RemoteTestNGStarter.main(RemoteTestNGStarter.java:109)
]]>
            </full-stacktrace>
          </exception> <!-- org.openqa.selenium.StaleElementReferenceException -->
          <reporter-output>
            <line>
              <![CDATA[Hover the mouse on Desktops tab and click[[ChromeDriver: chrome on WINDOWS (8829220d2283728b72d376dd2720766c)] -> link text: Desktops]]]>
            </line>
            <line>
              <![CDATA[Select show all desktops from drop down[[[ChromeDriver: chrome on WINDOWS (8829220d2283728b72d376dd2720766c)] -> link text: Show All Desktops]]]]>
            </line>
            <line>
              <![CDATA[Get a list of all products listed under desktops[[[ChromeDriver: chrome on WINDOWS (8829220d2283728b72d376dd2720766c)] -> xpath: //h4/a], [[ChromeDriver: chrome on WINDOWS (8829220d2283728b72d376dd2720766c)] -> xpath: //h4/a], [[ChromeDriver: chrome on WINDOWS (8829220d2283728b72d376dd2720766c)] -> xpath: //h4/a], [[ChromeDriver: chrome on WINDOWS (8829220d2283728b72d376dd2720766c)] -> xpath: //h4/a], [[ChromeDriver: chrome on WINDOWS (8829220d2283728b72d376dd2720766c)] -> xpath: //h4/a], [[ChromeDriver: chrome on WINDOWS (8829220d2283728b72d376dd2720766c)] -> xpath: //h4/a], [[ChromeDriver: chrome on WINDOWS (8829220d2283728b72d376dd2720766c)] -> xpath: //h4/a], [[ChromeDriver: chrome on WINDOWS (8829220d2283728b72d376dd2720766c)] -> xpath: //h4/a], [[ChromeDriver: chrome on WINDOWS (8829220d2283728b72d376dd2720766c)] -> xpath: //h4/a], [[ChromeDriver: chrome on WINDOWS (8829220d2283728b72d376dd2720766c)] -> xpath: //h4/a], [[ChromeDriver: chrome on WINDOWS (8829220d2283728b72d376dd2720766c)] -> xpath: //h4/a], [[ChromeDriver: chrome on WINDOWS (8829220d2283728b72d376dd2720766c)] -> xpath: //h4/a]]]]>
            </line>
            <line>
              <![CDATA[Get a list of all products listed under desktops[[[ChromeDriver: chrome on WINDOWS (8829220d2283728b72d376dd2720766c)] -> xpath: //h4/a], [[ChromeDriver: chrome on WINDOWS (8829220d2283728b72d376dd2720766c)] -> xpath: //h4/a], [[ChromeDriver: chrome on WINDOWS (8829220d2283728b72d376dd2720766c)] -> xpath: //h4/a], [[ChromeDriver: chrome on WINDOWS (8829220d2283728b72d376dd2720766c)] -> xpath: //h4/a], [[ChromeDriver: chrome on WINDOWS (8829220d2283728b72d376dd2720766c)] -> xpath: //h4/a], [[ChromeDriver: chrome on WINDOWS (8829220d2283728b72d376dd2720766c)] -> xpath: //h4/a], [[ChromeDriver: chrome on WINDOWS (8829220d2283728b72d376dd2720766c)] -> xpath: //h4/a], [[ChromeDriver: chrome on WINDOWS (8829220d2283728b72d376dd2720766c)] -> xpath: //h4/a], [[ChromeDriver: chrome on WINDOWS (8829220d2283728b72d376dd2720766c)] -> xpath: //h4/a], [[ChromeDriver: chrome on WINDOWS (8829220d2283728b72d376dd2720766c)] -> xpath: //h4/a], [[ChromeDriver: chrome on WINDOWS (8829220d2283728b72d376dd2720766c)] -> xpath: //h4/a], [[ChromeDriver: chrome on WINDOWS (8829220d2283728b72d376dd2720766c)] -> xpath: //h4/a]]]]>
            </line>
            <line>
              <![CDATA[Get a list of all products listed under desktops by Name Z to A[[[ChromeDriver: chrome on WINDOWS (8829220d2283728b72d376dd2720766c)] -> xpath: //h4/a], [[ChromeDriver: chrome on WINDOWS (8829220d2283728b72d376dd2720766c)] -> xpath: //h4/a], [[ChromeDriver: chrome on WINDOWS (8829220d2283728b72d376dd2720766c)] -> xpath: //h4/a], [[ChromeDriver: chrome on WINDOWS (8829220d2283728b72d376dd2720766c)] -> xpath: //h4/a], [[ChromeDriver: chrome on WINDOWS (8829220d2283728b72d376dd2720766c)] -> xpath: //h4/a], [[ChromeDriver: chrome on WINDOWS (8829220d2283728b72d376dd2720766c)] -> xpath: //h4/a], [[ChromeDriver: chrome on WINDOWS (8829220d2283728b72d376dd2720766c)] -> xpath: //h4/a], [[ChromeDriver: chrome on WINDOWS (8829220d2283728b72d376dd2720766c)] -> xpath: //h4/a], [[ChromeDriver: chrome on WINDOWS (8829220d2283728b72d376dd2720766c)] -> xpath: //h4/a], [[ChromeDriver: chrome on WINDOWS (8829220d2283728b72d376dd2720766c)] -> xpath: //h4/a], [[ChromeDriver: chrome on WINDOWS (8829220d2283728b72d376dd2720766c)] -> xpath: //h4/a], [[ChromeDriver: chrome on WINDOWS (8829220d2283728b72d376dd2720766c)] -> xpath: //h4/a]]]]>
            </line>
            <line>
              <![CDATA[Click to see screenshot]]>
            </line>
            <line>
              <![CDATA[<a target = "_blank" href=C:\Users\humai\IdeaProjects\tutorialsninja-maven-page-factory-sw5/test-output/html/verifyProductArrangeInAlphabeticalOrderTue_Dec_13_10_00_18_GMT_2022.jpg>Screenshot</a>]]>
            </line>
            <line>
              <![CDATA[<br>]]>
            </line>
            <line>
              <![CDATA[<br>]]>
            </line>
            <line>
              <![CDATA[<a target = "_blank" href=C:\Users\humai\IdeaProjects\tutorialsninja-maven-page-factory-sw5/test-output/html/verifyProductArrangeInAlphabeticalOrderTue_Dec_13_10_00_18_GMT_2022.jpg><img src=C:\Users\humai\IdeaProjects\tutorialsninja-maven-page-factory-sw5/test-output/html/verifyProductArrangeInAlphabeticalOrderTue_Dec_13_10_00_18_GMT_2022.jpg height=200 width=200></img></a>]]>
            </line>
          </reporter-output>
        </test-method> <!-- verifyProductArrangeInAlphabeticalOrder -->
      </class> <!-- com.tutorialsninja.testsuite.DesktopPageTest -->
      <class name="com.tutorialsninja.testsuite.AccountLoginPageTest">
        <test-method status="PASS" signature="setUp()[pri:0, instance:com.tutorialsninja.testsuite.AccountLoginPageTest@4d1b0d2a]" name="setUp" is-config="true" duration-ms="3568" started-at="2022-12-13T10:00:11 GMT" finished-at="2022-12-13T10:00:14 GMT">
          <reporter-output>
          </reporter-output>
        </test-method> <!-- setUp -->
        <test-method status="PASS" signature="inIt()[pri:0, instance:com.tutorialsninja.testsuite.AccountLoginPageTest@4d1b0d2a]" name="inIt" is-config="true" duration-ms="40" started-at="2022-12-13T10:00:14 GMT" finished-at="2022-12-13T10:00:14 GMT">
          <reporter-output>
          </reporter-output>
        </test-method> <!-- inIt -->
        <test-method status="PASS" signature="verifyUserShouldNavigateToLoginPageSuccessfully()[pri:0, instance:com.tutorialsninja.testsuite.AccountLoginPageTest@4d1b0d2a]" name="verifyUserShouldNavigateToLoginPageSuccessfully" duration-ms="378" started-at="2022-12-13T10:00:14 GMT" finished-at="2022-12-13T10:00:15 GMT">
          <reporter-output>
            <line>
              <![CDATA[Click on My Account link[[ChromeDriver: chrome on WINDOWS (61f6e9725ec592c5a596a92be8915fec)] -> xpath: //span[contains(text(),'My Account')]]]]>
            </line>
            <line>
              <![CDATA[Verify the Login Page name[[ChromeDriver: chrome on WINDOWS (61f6e9725ec592c5a596a92be8915fec)] -> xpath: //h2[contains(text(),'Returning Customer')]]]]>
            </line>
          </reporter-output>
        </test-method> <!-- verifyUserShouldNavigateToLoginPageSuccessfully -->
      </class> <!-- com.tutorialsninja.testsuite.AccountLoginPageTest -->
      <class name="com.tutorialsninja.testsuite.TopMenuTest">
        <test-method status="PASS" signature="setUp()[pri:0, instance:com.tutorialsninja.testsuite.TopMenuTest@aecb35a]" name="setUp" is-config="true" duration-ms="2586" started-at="2022-12-13T10:00:25 GMT" finished-at="2022-12-13T10:00:27 GMT">
          <reporter-output>
          </reporter-output>
        </test-method> <!-- setUp -->
        <test-method status="PASS" signature="inIt()[pri:0, instance:com.tutorialsninja.testsuite.TopMenuTest@aecb35a]" name="inIt" is-config="true" duration-ms="3" started-at="2022-12-13T10:00:27 GMT" finished-at="2022-12-13T10:00:27 GMT">
          <reporter-output>
          </reporter-output>
        </test-method> <!-- inIt -->
        <test-method status="PASS" signature="verifyUserShouldNavigateToDesktopsPageSuccessfully()[pri:0, instance:com.tutorialsninja.testsuite.TopMenuTest@aecb35a]" name="verifyUserShouldNavigateToDesktopsPageSuccessfully" duration-ms="825" started-at="2022-12-13T10:00:27 GMT" finished-at="2022-12-13T10:00:28 GMT">
          <reporter-output>
            <line>
              <![CDATA[Hover the mouse on Desktops tab and click[[ChromeDriver: chrome on WINDOWS (df6eba66e4b825c1995b7367a37c042a)] -> link text: Desktops]]]>
            </line>
            <line>
              <![CDATA[Select show all desktops from drop down[[[ChromeDriver: chrome on WINDOWS (df6eba66e4b825c1995b7367a37c042a)] -> link text: Show All Desktops]]]]>
            </line>
            <line>
              <![CDATA[Verify the Desktop page name[[ChromeDriver: chrome on WINDOWS (df6eba66e4b825c1995b7367a37c042a)] -> xpath: //h2[contains(text(),'Desktops')]]]]>
            </line>
          </reporter-output>
        </test-method> <!-- verifyUserShouldNavigateToDesktopsPageSuccessfully -->
      </class> <!-- com.tutorialsninja.testsuite.TopMenuTest -->
      <class name="com.tutorialsninja.testsuite.LaptopsAndNotebooksPageTest">
        <test-method status="PASS" signature="setUp()[pri:0, instance:com.tutorialsninja.testsuite.LaptopsAndNotebooksPageTest@2f8f5f62]" name="setUp" is-config="true" duration-ms="2274" started-at="2022-12-13T10:00:18 GMT" finished-at="2022-12-13T10:00:21 GMT">
          <reporter-output>
          </reporter-output>
        </test-method> <!-- setUp -->
        <test-method status="PASS" signature="inIt()[pri:0, instance:com.tutorialsninja.testsuite.LaptopsAndNotebooksPageTest@2f8f5f62]" name="inIt" is-config="true" duration-ms="7" started-at="2022-12-13T10:00:21 GMT" finished-at="2022-12-13T10:00:21 GMT">
          <reporter-output>
          </reporter-output>
        </test-method> <!-- inIt -->
        <test-method status="FAIL" signature="verifyProductsPriceDisplayHighToLowSuccessfully()[pri:0, instance:com.tutorialsninja.testsuite.LaptopsAndNotebooksPageTest@2f8f5f62]" name="verifyProductsPriceDisplayHighToLowSuccessfully" duration-ms="1247" started-at="2022-12-13T10:00:21 GMT" finished-at="2022-12-13T10:00:22 GMT">
          <exception class="org.openqa.selenium.StaleElementReferenceException">
            <message>
              <![CDATA[stale element reference: element is not attached to the page document
  (Session info: chrome=108.0.5359.99)
For documentation on this error, please visit: https://selenium.dev/exceptions/#stale_element_reference
Build info: version: '4.6.0', revision: '79f1c02ae20'
System info: os.name: 'Windows 10', os.arch: 'amd64', os.version: '10.0', java.version: '1.8.0_121'
Driver info: org.openqa.selenium.chrome.ChromeDriver
Command: [ad5e6b519b0f084585e50a99230d4b04, getElementText {id=a6279829-7894-4a52-ab61-4ecd2878558e}]
Capabilities {acceptInsecureCerts: false, browserName: chrome, browserVersion: 108.0.5359.99, chrome: {chromedriverVersion: 108.0.5359.71 (1e0e3868ee06..., userDataDir: C:\Users\humai\AppData\Loca...}, goog:chromeOptions: {debuggerAddress: localhost:52598}, networkConnectionEnabled: false, pageLoadStrategy: normal, platformName: WINDOWS, proxy: Proxy(), se:cdp: ws://localhost:52598/devtoo..., se:cdpVersion: 108.0.5359.99, setWindowRect: true, strictFileInteractability: false, timeouts: {implicit: 0, pageLoad: 300000, script: 30000}, unhandledPromptBehavior: dismiss and notify, webauthn:extension:credBlob: true, webauthn:extension:largeBlob: true, webauthn:virtualAuthenticators: true}
Element: [[ChromeDriver: chrome on WINDOWS (ad5e6b519b0f084585e50a99230d4b04)] -> xpath: //p[@class ='price']]
Session ID: ad5e6b519b0f084585e50a99230d4b04]]>
            </message>
            <full-stacktrace>
              <![CDATA[org.openqa.selenium.StaleElementReferenceException: stale element reference: element is not attached to the page document
  (Session info: chrome=108.0.5359.99)
For documentation on this error, please visit: https://selenium.dev/exceptions/#stale_element_reference
Build info: version: '4.6.0', revision: '79f1c02ae20'
System info: os.name: 'Windows 10', os.arch: 'amd64', os.version: '10.0', java.version: '1.8.0_121'
Driver info: org.openqa.selenium.chrome.ChromeDriver
Command: [ad5e6b519b0f084585e50a99230d4b04, getElementText {id=a6279829-7894-4a52-ab61-4ecd2878558e}]
Capabilities {acceptInsecureCerts: false, browserName: chrome, browserVersion: 108.0.5359.99, chrome: {chromedriverVersion: 108.0.5359.71 (1e0e3868ee06..., userDataDir: C:\Users\humai\AppData\Loca...}, goog:chromeOptions: {debuggerAddress: localhost:52598}, networkConnectionEnabled: false, pageLoadStrategy: normal, platformName: WINDOWS, proxy: Proxy(), se:cdp: ws://localhost:52598/devtoo..., se:cdpVersion: 108.0.5359.99, setWindowRect: true, strictFileInteractability: false, timeouts: {implicit: 0, pageLoad: 300000, script: 30000}, unhandledPromptBehavior: dismiss and notify, webauthn:extension:credBlob: true, webauthn:extension:largeBlob: true, webauthn:virtualAuthenticators: true}
Element: [[ChromeDriver: chrome on WINDOWS (ad5e6b519b0f084585e50a99230d4b04)] -> xpath: //p[@class ='price']]
Session ID: ad5e6b519b0f084585e50a99230d4b04
at sun.reflect.NativeConstructorAccessorImpl.newInstance0(Native Method)
at sun.reflect.NativeConstructorAccessorImpl.newInstance(NativeConstructorAccessorImpl.java:62)
at sun.reflect.DelegatingConstructorAccessorImpl.newInstance(DelegatingConstructorAccessorImpl.java:45)
at java.lang.reflect.Constructor.newInstance(Constructor.java:423)
at org.openqa.selenium.remote.codec.w3c.W3CHttpResponseCodec.createException(W3CHttpResponseCodec.java:200)
at org.openqa.selenium.remote.codec.w3c.W3CHttpResponseCodec.decode(W3CHttpResponseCodec.java:133)
at org.openqa.selenium.remote.codec.w3c.W3CHttpResponseCodec.decode(W3CHttpResponseCodec.java:53)
at org.openqa.selenium.remote.HttpCommandExecutor.execute(HttpCommandExecutor.java:184)
at org.openqa.selenium.remote.service.DriverCommandExecutor.invokeExecute(DriverCommandExecutor.java:167)
at org.openqa.selenium.remote.service.DriverCommandExecutor.execute(DriverCommandExecutor.java:142)
at org.openqa.selenium.remote.RemoteWebDriver.execute(RemoteWebDriver.java:541)
at org.openqa.selenium.remote.RemoteWebElement.execute(RemoteWebElement.java:257)
at org.openqa.selenium.remote.RemoteWebElement.getText(RemoteWebElement.java:207)
at com.tutorialsninja.pages.LaptopsAndNotebooksPage.getProductNamesByPrice(LaptopsAndNotebooksPage.java:71)
at com.tutorialsninja.testsuite.LaptopsAndNotebooksPageTest.verifyProductsPriceDisplayHighToLowSuccessfully(LaptopsAndNotebooksPageTest.java:32)
at sun.reflect.NativeMethodAccessorImpl.invoke0(Native Method)
at sun.reflect.NativeMethodAccessorImpl.invoke(NativeMethodAccessorImpl.java:62)
at sun.reflect.DelegatingMethodAccessorImpl.invoke(DelegatingMethodAccessorImpl.java:43)
at java.lang.reflect.Method.invoke(Method.java:498)
at org.testng.internal.invokers.MethodInvocationHelper.invokeMethod(MethodInvocationHelper.java:135)
at org.testng.internal.invokers.TestInvoker.invokeMethod(TestInvoker.java:673)
at org.testng.internal.invokers.TestInvoker.invokeTestMethod(TestInvoker.java:220)
at org.testng.internal.invokers.MethodRunner.runInSequence(MethodRunner.java:50)
at org.testng.internal.invokers.TestInvoker$MethodInvocationAgent.invoke(TestInvoker.java:945)
at org.testng.internal.invokers.TestInvoker.invokeTestMethods(TestInvoker.java:193)
at org.testng.internal.invokers.TestMethodWorker.invokeTestMethods(TestMethodWorker.java:146)
at org.testng.internal.invokers.TestMethodWorker.run(TestMethodWorker.java:128)
at java.util.ArrayList.forEach(ArrayList.java:1249)
at org.testng.TestRunner.privateRun(TestRunner.java:808)
at org.testng.TestRunner.run(TestRunner.java:603)
at org.testng.SuiteRunner.runTest(SuiteRunner.java:429)
at org.testng.SuiteRunner.runSequentially(SuiteRunner.java:423)
at org.testng.SuiteRunner.privateRun(SuiteRunner.java:383)
at org.testng.SuiteRunner.run(SuiteRunner.java:326)
at org.testng.SuiteRunnerWorker.runSuite(SuiteRunnerWorker.java:52)
at org.testng.SuiteRunnerWorker.run(SuiteRunnerWorker.java:95)
at org.testng.TestNG.runSuitesSequentially(TestNG.java:1249)
at org.testng.TestNG.runSuitesLocally(TestNG.java:1169)
at org.testng.TestNG.runSuites(TestNG.java:1092)
at org.testng.TestNG.run(TestNG.java:1060)
at com.intellij.rt.testng.IDEARemoteTestNG.run(IDEARemoteTestNG.java:66)
at com.intellij.rt.testng.RemoteTestNGStarter.main(RemoteTestNGStarter.java:109)
]]>
            </full-stacktrace>
          </exception> <!-- org.openqa.selenium.StaleElementReferenceException -->
          <reporter-output>
            <line>
              <![CDATA[Hover the mouse on Laptops & Notebooks tab and click[[ChromeDriver: chrome on WINDOWS (ad5e6b519b0f084585e50a99230d4b04)] -> link text: Laptops & Notebooks]]]>
            </line>
            <line>
              <![CDATA[Select show all Laptops & Notebooks from drop down[[[ChromeDriver: chrome on WINDOWS (ad5e6b519b0f084585e50a99230d4b04)] -> link text: Show All Laptops & Notebooks]]]]>
            </line>
            <line>
              <![CDATA[Get a list of all products listed under Laptops and Notebooks[[[ChromeDriver: chrome on WINDOWS (ad5e6b519b0f084585e50a99230d4b04)] -> xpath: //p[@class ='price']], [[ChromeDriver: chrome on WINDOWS (ad5e6b519b0f084585e50a99230d4b04)] -> xpath: //p[@class ='price']], [[ChromeDriver: chrome on WINDOWS (ad5e6b519b0f084585e50a99230d4b04)] -> xpath: //p[@class ='price']], [[ChromeDriver: chrome on WINDOWS (ad5e6b519b0f084585e50a99230d4b04)] -> xpath: //p[@class ='price']], [[ChromeDriver: chrome on WINDOWS (ad5e6b519b0f084585e50a99230d4b04)] -> xpath: //p[@class ='price']]]]]>
            </line>
            <line>
              <![CDATA[Get a list of all products listed under Laptops and Notebooks by price[[[ChromeDriver: chrome on WINDOWS (ad5e6b519b0f084585e50a99230d4b04)] -> xpath: //p[@class ='price']], [[ChromeDriver: chrome on WINDOWS (ad5e6b519b0f084585e50a99230d4b04)] -> xpath: //p[@class ='price']], [[ChromeDriver: chrome on WINDOWS (ad5e6b519b0f084585e50a99230d4b04)] -> xpath: //p[@class ='price']], [[ChromeDriver: chrome on WINDOWS (ad5e6b519b0f084585e50a99230d4b04)] -> xpath: //p[@class ='price']], [[ChromeDriver: chrome on WINDOWS (ad5e6b519b0f084585e50a99230d4b04)] -> xpath: //p[@class ='price']]]]]>
            </line>
            <line>
              <![CDATA[Click to see screenshot]]>
            </line>
            <line>
              <![CDATA[<a target = "_blank" href=C:\Users\humai\IdeaProjects\tutorialsninja-maven-page-factory-sw5/test-output/html/verifyProductsPriceDisplayHighToLowSuccessfullyTue_Dec_13_10_00_22_GMT_2022.jpg>Screenshot</a>]]>
            </line>
            <line>
              <![CDATA[<br>]]>
            </line>
            <line>
              <![CDATA[<br>]]>
            </line>
            <line>
              <![CDATA[<a target = "_blank" href=C:\Users\humai\IdeaProjects\tutorialsninja-maven-page-factory-sw5/test-output/html/verifyProductsPriceDisplayHighToLowSuccessfullyTue_Dec_13_10_00_22_GMT_2022.jpg><img src=C:\Users\humai\IdeaProjects\tutorialsninja-maven-page-factory-sw5/test-output/html/verifyProductsPriceDisplayHighToLowSuccessfullyTue_Dec_13_10_00_22_GMT_2022.jpg height=200 width=200></img></a>]]>
            </line>
          </reporter-output>
        </test-method> <!-- verifyProductsPriceDisplayHighToLowSuccessfully -->
      </class> <!-- com.tutorialsninja.testsuite.LaptopsAndNotebooksPageTest -->
    </test> <!-- Sanity Test -->
  </suite> <!-- Sanity Test -->
</testng-results>
