<?xml version="1.0" encoding="UTF-8"?>
<!-- Generated by org.testng.reporters.JUnitXMLReporter -->
<testsuite hostname="Humaira" ignored="0" name="Top Menu Test" tests="3" failures="0" timestamp="2022-12-12T11:27:54 GMT" time="10.277" errors="0">
  <testcase name="verifyUserShouldNavigateToComponentsPageSuccessfully" time="0.515" classname="com.tutorialsninja.testsuite.TopMenuTest"/>
  <testcase name="verifyUserShouldNavigateToDesktopsPageSuccessfully" time="0.904" classname="com.tutorialsninja.testsuite.TopMenuTest"/>
  <testcase name="verifyUserShouldNavigateToLaptopsAndNotebooksPageSuccessfully" time="0.586" classname="com.tutorialsninja.testsuite.TopMenuTest"/>
</testsuite> <!-- Top Menu Test -->
